{"/home/neon/Downloads/Telegram Desktop/webDevSimplified/JavaScript/js-projects/mathSolver-unit-test-es6/parse.js": {"path":"/home/neon/Downloads/Telegram Desktop/webDevSimplified/JavaScript/js-projects/mathSolver-unit-test-es6/parse.js","statementMap":{"0":{"start":{"line":1,"column":26},"end":{"line":1,"column":53}},"1":{"start":{"line":3,"column":2},"end":{"line":3,"column":57}},"2":{"start":{"line":5,"column":2},"end":{"line":5,"column":61}},"3":{"start":{"line":7,"column":2},"end":{"line":7,"column":67}},"4":{"start":{"line":10,"column":2},"end":{"line":29,"column":3}},"5":{"start":{"line":11,"column":19},"end":{"line":11,"column":68}},"6":{"start":{"line":12,"column":19},"end":{"line":12,"column":32}},"7":{"start":{"line":13,"column":19},"end":{"line":13,"column":62}},"8":{"start":{"line":14,"column":4},"end":{"line":14,"column":24}},"9":{"start":{"line":15,"column":9},"end":{"line":29,"column":3}},"10":{"start":{"line":16,"column":19},"end":{"line":16,"column":71}},"11":{"start":{"line":17,"column":19},"end":{"line":17,"column":62}},"12":{"start":{"line":18,"column":4},"end":{"line":18,"column":24}},"13":{"start":{"line":19,"column":9},"end":{"line":29,"column":3}},"14":{"start":{"line":20,"column":19},"end":{"line":20,"column":75}},"15":{"start":{"line":21,"column":19},"end":{"line":21,"column":66}},"16":{"start":{"line":22,"column":4},"end":{"line":22,"column":24}},"17":{"start":{"line":23,"column":9},"end":{"line":29,"column":3}},"18":{"start":{"line":24,"column":19},"end":{"line":24,"column":72}},"19":{"start":{"line":25,"column":19},"end":{"line":25,"column":63}},"20":{"start":{"line":26,"column":4},"end":{"line":26,"column":24}},"21":{"start":{"line":28,"column":4},"end":{"line":28,"column":31}},"22":{"start":{"line":33,"column":15},"end":{"line":33,"column":35}},"23":{"start":{"line":34,"column":15},"end":{"line":34,"column":35}},"24":{"start":{"line":36,"column":2},"end":{"line":47,"column":3}},"25":{"start":{"line":38,"column":6},"end":{"line":38,"column":24}},"26":{"start":{"line":40,"column":6},"end":{"line":40,"column":24}},"27":{"start":{"line":42,"column":6},"end":{"line":42,"column":24}},"28":{"start":{"line":44,"column":6},"end":{"line":44,"column":24}},"29":{"start":{"line":46,"column":6},"end":{"line":46,"column":25}}},"fnMap":{"0":{"name":"parse","decl":{"start":{"line":9,"column":24},"end":{"line":9,"column":29}},"loc":{"start":{"line":9,"column":40},"end":{"line":30,"column":1}},"line":9},"1":{"name":"handleMath","decl":{"start":{"line":32,"column":9},"end":{"line":32,"column":19}},"loc":{"start":{"line":32,"column":54},"end":{"line":48,"column":1}},"line":32}},"branchMap":{"0":{"loc":{"start":{"line":10,"column":2},"end":{"line":29,"column":3}},"type":"if","locations":[{"start":{"line":10,"column":2},"end":{"line":29,"column":3}},{"start":{"line":15,"column":9},"end":{"line":29,"column":3}}],"line":10},"1":{"loc":{"start":{"line":15,"column":9},"end":{"line":29,"column":3}},"type":"if","locations":[{"start":{"line":15,"column":9},"end":{"line":29,"column":3}},{"start":{"line":19,"column":9},"end":{"line":29,"column":3}}],"line":15},"2":{"loc":{"start":{"line":19,"column":9},"end":{"line":29,"column":3}},"type":"if","locations":[{"start":{"line":19,"column":9},"end":{"line":29,"column":3}},{"start":{"line":23,"column":9},"end":{"line":29,"column":3}}],"line":19},"3":{"loc":{"start":{"line":23,"column":9},"end":{"line":29,"column":3}},"type":"if","locations":[{"start":{"line":23,"column":9},"end":{"line":29,"column":3}},{"start":{"line":27,"column":9},"end":{"line":29,"column":3}}],"line":23},"4":{"loc":{"start":{"line":36,"column":2},"end":{"line":47,"column":3}},"type":"switch","locations":[{"start":{"line":37,"column":4},"end":{"line":38,"column":24}},{"start":{"line":39,"column":4},"end":{"line":40,"column":24}},{"start":{"line":41,"column":4},"end":{"line":42,"column":24}},{"start":{"line":43,"column":4},"end":{"line":44,"column":24}},{"start":{"line":45,"column":4},"end":{"line":46,"column":25}}],"line":36}},"s":{"0":1,"1":1,"2":1,"3":1,"4":15,"5":1,"6":1,"7":1,"8":1,"9":14,"10":1,"11":1,"12":1,"13":13,"14":3,"15":3,"16":3,"17":10,"18":3,"19":3,"20":3,"21":7,"22":7,"23":7,"24":7,"25":2,"26":1,"27":2,"28":1,"29":1},"f":{"0":15,"1":7},"b":{"0":[1,14],"1":[1,13],"2":[3,10],"3":[3,7],"4":[2,1,2,1,1]},"_coverageSchema":"1a1c01bbd47fc00a2c39e90264f33305004495a9","hash":"398c5e10cb65255829d7128780dc11f18e521ac7"}
}
