TN:
SF:parse.js
FN:9,parse
FN:32,handleMath
FNF:2
FNH:2
FNDA:15,parse
FNDA:7,handleMath
DA:1,1
DA:3,1
DA:5,1
DA:7,1
DA:10,15
DA:11,1
DA:12,1
DA:13,1
DA:14,1
DA:15,14
DA:16,1
DA:17,1
DA:18,1
DA:19,13
DA:20,3
DA:21,3
DA:22,3
DA:23,10
DA:24,3
DA:25,3
DA:26,3
DA:28,7
DA:33,7
DA:34,7
DA:36,7
DA:38,2
DA:40,1
DA:42,2
DA:44,1
DA:46,1
LF:30
LH:30
BRDA:10,0,0,1
BRDA:10,0,1,14
BRDA:15,1,0,1
BRDA:15,1,1,13
BRDA:19,2,0,3
BRDA:19,2,1,10
BRDA:23,3,0,3
BRDA:23,3,1,7
BRDA:36,4,0,2
BRDA:36,4,1,1
BRDA:36,4,2,2
BRDA:36,4,3,1
BRDA:36,4,4,1
BRF:13
BRH:13
end_of_record
