<?xml version="1.0" encoding="UTF-8"?>
<coverage generated="1717582701801" clover="3.2.0">
  <project timestamp="1717582701801" name="All files">
    <metrics statements="42" coveredstatements="42" conditionals="20" coveredconditionals="20" methods="24" coveredmethods="24" elements="86" coveredelements="86" complexity="0" loc="42" ncloc="42" packages="1" files="1" classes="1"/>
    <file name="minesweeper.js" path="/home/neon/Downloads/Telegram Desktop/webDevSimplified/JavaScript/js-projects/minesweeper-funcProgramming-test/minesweeper.js">
      <metrics statements="42" coveredstatements="42" conditionals="20" coveredconditionals="20" methods="24" coveredmethods="24"/>
      <line num="5" count="1" type="stmt"/>
      <line num="13" count="1" type="stmt"/>
      <line num="14" count="2" type="stmt"/>
      <line num="15" count="4" type="stmt"/>
      <line num="26" count="3" type="stmt"/>
      <line num="27" count="6" type="stmt"/>
      <line num="28" count="12" type="stmt"/>
      <line num="34" count="4" type="stmt"/>
      <line num="35" count="4" type="cond" truecount="2" falsecount="0"/>
      <line num="39" count="2" type="stmt"/>
      <line num="42" count="2" type="cond" truecount="2" falsecount="0"/>
      <line num="43" count="1" type="stmt"/>
      <line num="49" count="1" type="stmt"/>
      <line num="58" count="30" type="stmt"/>
      <line num="59" count="30" type="cond" truecount="2" falsecount="0"/>
      <line num="60" count="20" type="stmt"/>
      <line num="63" count="10" type="cond" truecount="2" falsecount="0"/>
      <line num="64" count="1" type="stmt"/>
      <line num="67" count="9" type="stmt"/>
      <line num="68" count="49" type="stmt"/>
      <line num="69" count="9" type="stmt"/>
      <line num="74" count="9" type="cond" truecount="2" falsecount="0"/>
      <line num="75" count="5" type="stmt"/>
      <line num="76" count="24" type="stmt"/>
      <line num="79" count="4" type="stmt"/>
      <line num="83" count="2" type="stmt"/>
      <line num="84" count="4" type="stmt"/>
      <line num="85" count="7" type="stmt"/>
      <line num="96" count="2" type="stmt"/>
      <line num="97" count="3" type="stmt"/>
      <line num="98" count="5" type="stmt"/>
      <line num="104" count="94" type="cond" truecount="2" falsecount="0"/>
      <line num="108" count="12" type="stmt"/>
      <line num="109" count="32" type="stmt"/>
      <line num="110" count="88" type="cond" truecount="2" falsecount="0"/>
      <line num="111" count="12" type="stmt"/>
      <line num="113" count="76" type="stmt"/>
      <line num="119" count="9" type="stmt"/>
      <line num="121" count="9" type="stmt"/>
      <line num="123" count="27" type="stmt"/>
      <line num="124" count="81" type="stmt"/>
      <line num="127" count="81" type="stmt"/>
    </file>
  </project>
</coverage>
