{"/home/neon/Downloads/Telegram Desktop/webDevSimplified/JavaScript/js-projects/minesweeper-funcProgramming-test/minesweeper.js": {"path":"/home/neon/Downloads/Telegram Desktop/webDevSimplified/JavaScript/js-projects/minesweeper-funcProgramming-test/minesweeper.js","statementMap":{"0":{"start":{"line":5,"column":29},"end":{"line":10,"column":1}},"1":{"start":{"line":13,"column":2},"end":{"line":22,"column":15}},"2":{"start":{"line":14,"column":4},"end":{"line":21,"column":17}},"3":{"start":{"line":15,"column":6},"end":{"line":20,"column":7}},"4":{"start":{"line":26,"column":2},"end":{"line":30,"column":7}},"5":{"start":{"line":27,"column":4},"end":{"line":29,"column":5}},"6":{"start":{"line":28,"column":33},"end":{"line":28,"column":69}},"7":{"start":{"line":34,"column":15},"end":{"line":34,"column":26}},"8":{"start":{"line":35,"column":2},"end":{"line":40,"column":3}},"9":{"start":{"line":39,"column":4},"end":{"line":39,"column":16}},"10":{"start":{"line":42,"column":2},"end":{"line":54,"column":3}},"11":{"start":{"line":43,"column":4},"end":{"line":47,"column":5}},"12":{"start":{"line":49,"column":4},"end":{"line":53,"column":5}},"13":{"start":{"line":58,"column":15},"end":{"line":58,"column":26}},"14":{"start":{"line":59,"column":2},"end":{"line":61,"column":3}},"15":{"start":{"line":60,"column":4},"end":{"line":60,"column":16}},"16":{"start":{"line":63,"column":2},"end":{"line":65,"column":3}},"17":{"start":{"line":64,"column":4},"end":{"line":64,"column":80}},"18":{"start":{"line":67,"column":24},"end":{"line":67,"column":48}},"19":{"start":{"line":68,"column":16},"end":{"line":68,"column":49}},"20":{"start":{"line":68,"column":42},"end":{"line":68,"column":48}},"21":{"start":{"line":69,"column":19},"end":{"line":73,"column":3}},"22":{"start":{"line":74,"column":2},"end":{"line":78,"column":3}},"23":{"start":{"line":75,"column":4},"end":{"line":77,"column":16}},"24":{"start":{"line":76,"column":6},"end":{"line":76,"column":29}},"25":{"start":{"line":79,"column":2},"end":{"line":79,"column":17}},"26":{"start":{"line":83,"column":2},"end":{"line":92,"column":4}},"27":{"start":{"line":84,"column":4},"end":{"line":91,"column":6}},"28":{"start":{"line":85,"column":6},"end":{"line":90,"column":7}},"29":{"start":{"line":96,"column":2},"end":{"line":100,"column":4}},"30":{"start":{"line":97,"column":4},"end":{"line":99,"column":6}},"31":{"start":{"line":98,"column":6},"end":{"line":98,"column":47}},"32":{"start":{"line":104,"column":2},"end":{"line":104,"column":35}},"33":{"start":{"line":108,"column":2},"end":{"line":115,"column":4}},"34":{"start":{"line":109,"column":4},"end":{"line":114,"column":6}},"35":{"start":{"line":110,"column":6},"end":{"line":112,"column":7}},"36":{"start":{"line":111,"column":8},"end":{"line":111,"column":22}},"37":{"start":{"line":113,"column":6},"end":{"line":113,"column":17}},"38":{"start":{"line":119,"column":18},"end":{"line":119,"column":30}},"39":{"start":{"line":121,"column":2},"end":{"line":127,"column":33}},"40":{"start":{"line":123,"column":6},"end":{"line":125,"column":8}},"41":{"start":{"line":124,"column":8},"end":{"line":124,"column":48}},"42":{"start":{"line":127,"column":20},"end":{"line":127,"column":32}}},"fnMap":{"0":{"name":"createBoard","decl":{"start":{"line":12,"column":16},"end":{"line":12,"column":27}},"loc":{"start":{"line":12,"column":54},"end":{"line":23,"column":1}},"line":12},"1":{"name":"(anonymous_1)","decl":{"start":{"line":13,"column":15},"end":{"line":13,"column":16}},"loc":{"start":{"line":13,"column":20},"end":{"line":22,"column":3}},"line":13},"2":{"name":"(anonymous_2)","decl":{"start":{"line":14,"column":17},"end":{"line":14,"column":18}},"loc":{"start":{"line":14,"column":22},"end":{"line":21,"column":5}},"line":14},"3":{"name":"markedTilesCount","decl":{"start":{"line":25,"column":16},"end":{"line":25,"column":32}},"loc":{"start":{"line":25,"column":40},"end":{"line":31,"column":1}},"line":25},"4":{"name":"(anonymous_4)","decl":{"start":{"line":26,"column":22},"end":{"line":26,"column":23}},"loc":{"start":{"line":26,"column":38},"end":{"line":30,"column":3}},"line":26},"5":{"name":"(anonymous_5)","decl":{"start":{"line":28,"column":25},"end":{"line":28,"column":26}},"loc":{"start":{"line":28,"column":33},"end":{"line":28,"column":69}},"line":28},"6":{"name":"markTile","decl":{"start":{"line":33,"column":16},"end":{"line":33,"column":24}},"loc":{"start":{"line":33,"column":42},"end":{"line":55,"column":1}},"line":33},"7":{"name":"revealTile","decl":{"start":{"line":57,"column":16},"end":{"line":57,"column":26}},"loc":{"start":{"line":57,"column":44},"end":{"line":80,"column":1}},"line":57},"8":{"name":"(anonymous_8)","decl":{"start":{"line":68,"column":37},"end":{"line":68,"column":38}},"loc":{"start":{"line":68,"column":42},"end":{"line":68,"column":48}},"line":68},"9":{"name":"(anonymous_9)","decl":{"start":{"line":75,"column":32},"end":{"line":75,"column":33}},"loc":{"start":{"line":75,"column":42},"end":{"line":77,"column":5}},"line":75},"10":{"name":"checkWin","decl":{"start":{"line":82,"column":16},"end":{"line":82,"column":24}},"loc":{"start":{"line":82,"column":32},"end":{"line":93,"column":1}},"line":82},"11":{"name":"(anonymous_11)","decl":{"start":{"line":83,"column":21},"end":{"line":83,"column":22}},"loc":{"start":{"line":83,"column":28},"end":{"line":92,"column":3}},"line":83},"12":{"name":"(anonymous_12)","decl":{"start":{"line":84,"column":21},"end":{"line":84,"column":22}},"loc":{"start":{"line":84,"column":29},"end":{"line":91,"column":5}},"line":84},"13":{"name":"checkLose","decl":{"start":{"line":95,"column":16},"end":{"line":95,"column":25}},"loc":{"start":{"line":95,"column":33},"end":{"line":101,"column":1}},"line":95},"14":{"name":"(anonymous_14)","decl":{"start":{"line":96,"column":20},"end":{"line":96,"column":21}},"loc":{"start":{"line":96,"column":27},"end":{"line":100,"column":3}},"line":96},"15":{"name":"(anonymous_15)","decl":{"start":{"line":97,"column":20},"end":{"line":97,"column":21}},"loc":{"start":{"line":97,"column":28},"end":{"line":99,"column":5}},"line":97},"16":{"name":"positionMatch","decl":{"start":{"line":103,"column":16},"end":{"line":103,"column":29}},"loc":{"start":{"line":103,"column":36},"end":{"line":105,"column":1}},"line":103},"17":{"name":"replaceTile","decl":{"start":{"line":107,"column":9},"end":{"line":107,"column":20}},"loc":{"start":{"line":107,"column":47},"end":{"line":116,"column":1}},"line":107},"18":{"name":"(anonymous_18)","decl":{"start":{"line":108,"column":19},"end":{"line":108,"column":20}},"loc":{"start":{"line":108,"column":31},"end":{"line":115,"column":3}},"line":108},"19":{"name":"(anonymous_19)","decl":{"start":{"line":109,"column":19},"end":{"line":109,"column":20}},"loc":{"start":{"line":109,"column":32},"end":{"line":114,"column":5}},"line":109},"20":{"name":"nearbyTiles","decl":{"start":{"line":118,"column":9},"end":{"line":118,"column":20}},"loc":{"start":{"line":118,"column":38},"end":{"line":128,"column":1}},"line":118},"21":{"name":"(anonymous_21)","decl":{"start":{"line":122,"column":13},"end":{"line":122,"column":14}},"loc":{"start":{"line":122,"column":24},"end":{"line":126,"column":5}},"line":122},"22":{"name":"(anonymous_22)","decl":{"start":{"line":123,"column":25},"end":{"line":123,"column":26}},"loc":{"start":{"line":123,"column":36},"end":{"line":125,"column":7}},"line":123},"23":{"name":"(anonymous_23)","decl":{"start":{"line":127,"column":12},"end":{"line":127,"column":13}},"loc":{"start":{"line":127,"column":20},"end":{"line":127,"column":32}},"line":127}},"branchMap":{"0":{"loc":{"start":{"line":35,"column":2},"end":{"line":40,"column":3}},"type":"if","locations":[{"start":{"line":35,"column":2},"end":{"line":40,"column":3}},{"start":{},"end":{}}],"line":35},"1":{"loc":{"start":{"line":36,"column":4},"end":{"line":37,"column":40}},"type":"binary-expr","locations":[{"start":{"line":36,"column":4},"end":{"line":36,"column":40}},{"start":{"line":37,"column":4},"end":{"line":37,"column":40}}],"line":36},"2":{"loc":{"start":{"line":42,"column":2},"end":{"line":54,"column":3}},"type":"if","locations":[{"start":{"line":42,"column":2},"end":{"line":54,"column":3}},{"start":{"line":48,"column":9},"end":{"line":54,"column":3}}],"line":42},"3":{"loc":{"start":{"line":59,"column":2},"end":{"line":61,"column":3}},"type":"if","locations":[{"start":{"line":59,"column":2},"end":{"line":61,"column":3}},{"start":{},"end":{}}],"line":59},"4":{"loc":{"start":{"line":63,"column":2},"end":{"line":65,"column":3}},"type":"if","locations":[{"start":{"line":63,"column":2},"end":{"line":65,"column":3}},{"start":{},"end":{}}],"line":63},"5":{"loc":{"start":{"line":74,"column":2},"end":{"line":78,"column":3}},"type":"if","locations":[{"start":{"line":74,"column":2},"end":{"line":78,"column":3}},{"start":{},"end":{}}],"line":74},"6":{"loc":{"start":{"line":86,"column":8},"end":{"line":89,"column":50}},"type":"binary-expr","locations":[{"start":{"line":86,"column":8},"end":{"line":86,"column":44}},{"start":{"line":87,"column":9},"end":{"line":87,"column":18}},{"start":{"line":88,"column":11},"end":{"line":88,"column":47}},{"start":{"line":89,"column":12},"end":{"line":89,"column":48}}],"line":86},"7":{"loc":{"start":{"line":104,"column":9},"end":{"line":104,"column":35}},"type":"binary-expr","locations":[{"start":{"line":104,"column":9},"end":{"line":104,"column":20}},{"start":{"line":104,"column":24},"end":{"line":104,"column":35}}],"line":104},"8":{"loc":{"start":{"line":110,"column":6},"end":{"line":112,"column":7}},"type":"if","locations":[{"start":{"line":110,"column":6},"end":{"line":112,"column":7}},{"start":{},"end":{}}],"line":110}},"s":{"0":1,"1":1,"2":2,"3":4,"4":3,"5":6,"6":12,"7":4,"8":4,"9":2,"10":2,"11":1,"12":1,"13":30,"14":30,"15":20,"16":10,"17":1,"18":9,"19":9,"20":49,"21":9,"22":9,"23":5,"24":24,"25":4,"26":2,"27":4,"28":7,"29":2,"30":3,"31":5,"32":94,"33":12,"34":32,"35":88,"36":12,"37":76,"38":9,"39":9,"40":27,"41":81,"42":81},"f":{"0":1,"1":2,"2":4,"3":3,"4":6,"5":12,"6":4,"7":30,"8":49,"9":24,"10":2,"11":4,"12":7,"13":2,"14":3,"15":5,"16":94,"17":12,"18":32,"19":88,"20":9,"21":27,"22":81,"23":81},"b":{"0":[2,2],"1":[4,3],"2":[1,1],"3":[20,10],"4":[1,9],"5":[5,4],"6":[7,5,4,2],"7":[94,35],"8":[12,76]},"_coverageSchema":"1a1c01bbd47fc00a2c39e90264f33305004495a9","hash":"941714acd1b5ae8e21d517751dfd94207f48a5ab"}
}
