TN:
SF:minesweeper.js
FN:12,createBoard
FN:13,(anonymous_1)
FN:14,(anonymous_2)
FN:25,markedTilesCount
FN:26,(anonymous_4)
FN:28,(anonymous_5)
FN:33,markTile
FN:57,revealTile
FN:68,(anonymous_8)
FN:75,(anonymous_9)
FN:82,checkWin
FN:83,(anonymous_11)
FN:84,(anonymous_12)
FN:95,checkLose
FN:96,(anonymous_14)
FN:97,(anonymous_15)
FN:103,positionMatch
FN:107,replaceTile
FN:108,(anonymous_18)
FN:109,(anonymous_19)
FN:118,nearbyTiles
FN:122,(anonymous_21)
FN:123,(anonymous_22)
FN:127,(anonymous_23)
FNF:24
FNH:24
FNDA:1,createBoard
FNDA:2,(anonymous_1)
FNDA:4,(anonymous_2)
FNDA:3,markedTilesCount
FNDA:6,(anonymous_4)
FNDA:12,(anonymous_5)
FNDA:4,markTile
FNDA:30,revealTile
FNDA:49,(anonymous_8)
FNDA:24,(anonymous_9)
FNDA:2,checkWin
FNDA:4,(anonymous_11)
FNDA:7,(anonymous_12)
FNDA:2,checkLose
FNDA:3,(anonymous_14)
FNDA:5,(anonymous_15)
FNDA:94,positionMatch
FNDA:12,replaceTile
FNDA:32,(anonymous_18)
FNDA:88,(anonymous_19)
FNDA:9,nearbyTiles
FNDA:27,(anonymous_21)
FNDA:81,(anonymous_22)
FNDA:81,(anonymous_23)
DA:5,1
DA:13,1
DA:14,2
DA:15,4
DA:26,3
DA:27,6
DA:28,12
DA:34,4
DA:35,4
DA:39,2
DA:42,2
DA:43,1
DA:49,1
DA:58,30
DA:59,30
DA:60,20
DA:63,10
DA:64,1
DA:67,9
DA:68,49
DA:69,9
DA:74,9
DA:75,5
DA:76,24
DA:79,4
DA:83,2
DA:84,4
DA:85,7
DA:96,2
DA:97,3
DA:98,5
DA:104,94
DA:108,12
DA:109,32
DA:110,88
DA:111,12
DA:113,76
DA:119,9
DA:121,9
DA:123,27
DA:124,81
DA:127,81
LF:42
LH:42
BRDA:35,0,0,2
BRDA:35,0,1,2
BRDA:36,1,0,4
BRDA:36,1,1,3
BRDA:42,2,0,1
BRDA:42,2,1,1
BRDA:59,3,0,20
BRDA:59,3,1,10
BRDA:63,4,0,1
BRDA:63,4,1,9
BRDA:74,5,0,5
BRDA:74,5,1,4
BRDA:86,6,0,7
BRDA:86,6,1,5
BRDA:86,6,2,4
BRDA:86,6,3,2
BRDA:104,7,0,94
BRDA:104,7,1,35
BRDA:110,8,0,12
BRDA:110,8,1,76
BRF:20
BRH:20
end_of_record
