<?xml version="1.0" encoding="UTF-8"?>
<coverage generated="1717398831164" clover="3.2.0">
  <project timestamp="1717398831164" name="All files">
    <metrics statements="31" coveredstatements="31" conditionals="6" coveredconditionals="5" methods="14" coveredmethods="14" elements="51" coveredelements="50" complexity="0" loc="31" ncloc="31" packages="1" files="2" classes="2"/>
    <file name="Account.js" path="/home/neon/Downloads/Telegram Desktop/webDevSimplified/js-projects/atm-integrated-testing/Account.js">
      <metrics statements="21" coveredstatements="21" conditionals="2" coveredconditionals="2" methods="8" coveredmethods="8"/>
      <line num="1" count="2" type="stmt"/>
      <line num="3" count="2" type="stmt"/>
      <line num="5" count="6" type="stmt"/>
      <line num="12" count="13" type="stmt"/>
      <line num="16" count="5" type="stmt"/>
      <line num="20" count="11" type="stmt"/>
      <line num="24" count="5" type="stmt"/>
      <line num="28" count="1" type="stmt"/>
      <line num="29" count="1" type="stmt"/>
      <line num="33" count="2" type="cond" truecount="2" falsecount="0"/>
      <line num="34" count="1" type="stmt"/>
      <line num="35" count="1" type="stmt"/>
      <line num="39" count="5" type="stmt"/>
      <line num="41" count="5" type="stmt"/>
      <line num="42" count="5" type="stmt"/>
      <line num="43" count="4" type="stmt"/>
      <line num="45" count="1" type="stmt"/>
      <line num="50" count="1" type="stmt"/>
      <line num="52" count="1" type="stmt"/>
      <line num="53" count="1" type="stmt"/>
      <line num="55" count="1" type="stmt"/>
    </file>
    <file name="FileSystem.js" path="/home/neon/Downloads/Telegram Desktop/webDevSimplified/js-projects/atm-integrated-testing/FileSystem.js">
      <metrics statements="10" coveredstatements="10" conditionals="4" coveredconditionals="3" methods="6" coveredmethods="6"/>
      <line num="1" count="2" type="stmt"/>
      <line num="3" count="2" type="stmt"/>
      <line num="5" count="2" type="stmt"/>
      <line num="6" count="2" type="stmt"/>
      <line num="7" count="2" type="cond" truecount="2" falsecount="0"/>
      <line num="8" count="2" type="stmt"/>
      <line num="14" count="1" type="stmt"/>
      <line num="15" count="1" type="stmt"/>
      <line num="16" count="1" type="cond" truecount="1" falsecount="1"/>
      <line num="17" count="1" type="stmt"/>
    </file>
  </project>
</coverage>
